2024-10-27 17:13:36,706 - INFO - Received question: fetch 6axg protein
2024-10-27 17:15:19,891 - INFO - Received question: fetch 6axg protein
2024-10-27 17:16:27,996 - INFO - Received question: fecth 6axg protein
2024-10-27 17:17:53,283 - INFO - Received question: color by chain
2024-10-27 17:18:28,684 - INFO - Received question: create a pseudoatom
2024-10-27 17:21:44,076 - INFO - Received question: get the 6axg protein
2024-10-27 17:22:47,213 - INFO - Received question: fetch the 6axg protein
2024-10-27 17:24:11,851 - INFO - Received question: load the protein 6axg
2024-10-27 17:25:30,061 - INFO - Received question: load the protein 6axg
2024-10-27 17:26:37,826 - INFO - Received question: hello
2024-10-27 17:27:36,256 - INFO - Received question: hello
2024-10-27 17:27:46,347 - INFO - Received question: load the protein 6axg
2024-10-27 17:30:24,264 - INFO - Received question: load the protein 6axg
2024-10-27 17:30:51,134 - INFO - Received question: fetch the 6axg protein
2024-10-27 17:33:26,576 - INFO - Received question: fetch 6axg protein
2024-10-27 17:35:43,050 - INFO - Received question: fetch 6axg protein
2024-10-27 17:37:33,000 - INFO - Received question: fetch 6axg protein
2024-10-27 17:42:21,551 - INFO - Received question: fetch 6axg protein
2024-10-27 17:43:46,873 - INFO - Received question: fetch the protein 6axg
2024-10-27 17:49:01,467 - INFO - Received question: fetch 6axg protein
2024-10-27 17:50:36,511 - INFO - Received question: fetch 6axg protein
2024-10-27 17:51:47,327 - INFO - Received question: fetch 6axg protein
2024-10-27 17:54:09,165 - INFO - Received question: fetch 6axg protein
2024-10-27 17:57:40,919 - INFO - Received question: fetch 6axg protein
2024-10-27 17:59:35,062 - INFO - Received question: fetch 6axg protein
2024-10-27 18:01:20,019 - INFO - Received question: fetch 6axg protein
2024-10-27 18:07:02,176 - INFO - Received question: fetch 6axg protein
2024-10-27 18:08:43,614 - INFO - Received question: fetch 6axg protein
2024-10-27 18:09:22,377 - INFO - Received question: color by chain
2024-10-27 18:10:22,868 - INFO - Received question: color the structure by chain
2024-10-29 16:49:46,378 - INFO - Received question: fetch the protein 6axg
2024-10-29 16:50:23,284 - INFO - Received question: fetch the protein 6axg
2024-10-29 16:50:31,411 - INFO - Received question: fetch the protein 6axg
2024-10-29 16:52:04,762 - INFO - Received question: fetch the protein 6axg
2024-10-29 16:52:19,879 - INFO - Received question: fetch the protein 6axg
2024-10-29 16:53:33,073 - INFO - Received question: fetch the protein 6axg
2024-10-29 16:55:48,853 - INFO - Received question: fetch the protein 6axg
2024-10-29 18:16:44,944 - INFO - Received question: fetch the protein 6axg
2024-10-29 18:17:33,011 - INFO - Received question: fetch the protein 6axg
2024-10-29 18:17:43,117 - INFO - Received question: fetch the protein 6axg
2024-10-29 18:22:12,966 - INFO - Received question: fetch the protein 6axg
2024-10-29 18:23:30,746 - INFO - Received question: fetch the protein 6axg
2024-10-29 18:24:28,979 - INFO - Received question: fetch the protein 6axg
2024-10-29 18:25:35,343 - INFO - Received question: fetch the protein 6axg
2024-10-29 18:27:09,303 - INFO - Received question: fetch the protein 6axg
2024-10-29 18:27:56,681 - INFO - Received question: fetch the protein 6axg
2024-10-29 18:28:24,667 - INFO - Received question: fetch the protein 6axg
2024-10-29 18:29:25,798 - INFO - Received question: fetch the protein 6axg
2024-10-29 18:34:13,000 - INFO - Received question: fetch the protein 6axg
2024-10-29 18:34:54,027 - INFO - Received question: fetch the protein 6axg
2024-10-29 18:35:40,097 - INFO - Received question: fetch the protein 6axg
2024-10-29 18:36:06,932 - INFO - Received question: color by chain
2024-10-29 18:38:52,088 - INFO - Received question: fetch the protein 6axg
2024-10-29 18:40:16,624 - INFO - Received question: fetch the protein 6axg
2024-10-29 18:41:12,802 - INFO - Received question: color by chain
2024-10-29 18:41:57,969 - INFO - Received question: which protein code I've loaded?
2024-10-30 15:54:47,697 - INFO - Received question: fetch the protein 6axg
2024-10-30 15:56:18,139 - INFO - Received question: fetch the protein 6axg
2024-10-30 15:57:08,928 - INFO - Received question: fetch the protein 6axg
2024-10-30 15:57:37,972 - INFO - Received question: fetch the protein 6axg
2024-10-30 15:59:22,136 - INFO - Received question: fetch the protein 6axg
2024-10-30 16:02:12,123 - INFO - Received question: fetch the protein 6axg
2024-10-30 16:03:57,689 - INFO - Received question: fetch the protein 6axg
2024-10-30 16:05:17,756 - INFO - Received question: fetch the protein 6axg
2024-10-30 16:06:07,061 - INFO - Received question: fetch the protein 6axg
2024-10-30 16:12:06,860 - INFO - Received question: fetch the protein 6axg
2024-10-30 16:12:37,174 - INFO - Received question: fetch the protein 6axg
2024-10-30 16:16:31,866 - INFO - Received question: fetch the protein 6axg
2024-10-30 16:17:41,910 - INFO - Received question: fetch the protein 6axg
2024-10-30 16:18:07,471 - INFO - Received question: fetch the protein 6axg
2024-10-30 16:20:37,580 - INFO - Received question: fetch the protein 6axg
2024-10-30 16:21:10,424 - INFO - Received question: fetch the protein 6axg
2024-10-30 16:24:57,512 - INFO - Received question: fetch the protein 6axg
2024-10-30 16:26:11,860 - INFO - Received question: fetch the protein 6axg
2024-10-30 16:26:33,758 - INFO - Received question: fetch the protein 6axg
2024-10-30 16:30:22,537 - INFO - Received question: fetch the protein 6axg
2024-10-30 16:30:45,132 - INFO - Received question: fetch the protein 6axg
2024-10-30 16:31:43,824 - INFO - Received question: fetch the protein 6axg
2024-10-30 16:32:04,795 - INFO - Received question: color by chain
2024-10-30 16:49:17,579 - INFO - Received question: fetch the protein 6axg
2024-10-30 20:45:37,799 - INFO - Received question: fetch the protein 6axg
2024-10-30 20:46:55,456 - INFO - Received question: fetch the protein 6axg
2024-10-30 20:47:42,444 - INFO - Received question: fetch the protein 6axg
2024-10-30 20:49:06,482 - INFO - Received question: fetch the protein 6axg
2024-10-30 20:51:38,964 - INFO - Received question: fetch the protein 6axg
2024-10-30 20:53:25,647 - INFO - Received question: fetch the protein 6axg
2024-10-31 10:51:25,110 - INFO - Received question: fetch the protein 6axg
2024-10-31 10:52:56,637 - INFO - Received question: fetch the protein 6axg
2024-10-31 10:53:23,547 - INFO - Received question: fetch the protein 6axg
2024-10-31 10:55:13,812 - INFO - Received question: fetch the protein 6axg
2024-10-31 10:57:01,837 - INFO - Received question: fetch the protein 6axg
2024-10-31 10:58:49,597 - INFO - Received question: fetch the protein 6axg
2024-10-31 11:00:37,215 - INFO - Received question: fetch the protein 6axg
2024-10-31 11:00:59,176 - INFO - Received question: fetch the protein 6axg
2024-10-31 11:03:29,696 - INFO - Received question: fetch the protein 6axg
2024-10-31 11:05:47,782 - INFO - Received question: fetch the protein 6axg
2024-10-31 11:08:52,688 - INFO - Received question: fetch the protein 6axg
2024-10-31 11:09:14,625 - INFO - Received question: fetch the protein 6axg
2024-10-31 11:10:29,183 - INFO - Received question: fetch the protein 6axg
2024-10-31 11:13:02,550 - INFO - Received question: fetch the protein 6axg
2024-10-31 11:14:30,849 - INFO - Received question: fetch the protein 6axg
2024-10-31 11:15:17,743 - INFO - Received question: fetch the protein 6axg
2024-10-31 11:16:39,616 - INFO - Received question: fetch the protein 6axg
2024-10-31 11:17:53,156 - INFO - Received question: fetch the protein 6axg
2024-10-31 11:19:35,150 - INFO - Received question: fetch the protein 6axg
2024-10-31 11:20:04,495 - INFO - Received question: Which was my first question?
2024-10-31 11:22:47,637 - INFO - Received question: fetch the protein 6axg
2024-10-31 11:23:00,468 - INFO - Received question: Which was my first question?
2024-10-31 11:23:50,486 - INFO - Received question: fetch the protein 6axg
2024-10-31 11:23:59,563 - INFO - Received question: Which was my first question?
2024-10-31 11:25:13,388 - INFO - Received question: fetch the protein 6axg
2024-10-31 11:25:45,637 - INFO - Received question: fetch the protein 6axg
2024-10-31 11:26:39,146 - INFO - Received question: fetch the protein 6axg
2024-10-31 11:27:48,900 - INFO - Received question: fetch the protein 6axg
2024-10-31 11:28:17,043 - INFO - Received question: which was my first question?
2024-10-31 11:30:23,919 - INFO - Received question: fetch the protein 6axg
2024-10-31 11:30:33,629 - INFO - Received question: which was my first question?
2024-10-31 11:32:41,666 - INFO - Received question: fetch the protein 6axg
2024-10-31 11:35:57,694 - INFO - Received question: fetch the protein 6axg
2024-10-31 11:36:10,346 - INFO - Received question: which was my first question?
2024-10-31 11:37:55,351 - INFO - Received question: fetch the protein 6axg
2024-10-31 11:38:05,033 - INFO - Received question: which was my first question?
2024-10-31 11:39:36,413 - INFO - Received question: fetch the protein 6axg
2024-10-31 11:39:44,349 - INFO - Received question: which was my first question?
2024-10-31 11:40:23,282 - INFO - Received question: specifically, which question?
2024-10-31 11:40:34,557 - INFO - Received question: which was my first question?
2024-10-31 11:41:54,286 - INFO - Received question: fetch the protein 6axg
2024-10-31 11:42:04,065 - INFO - Received question: which was my first question?
2024-10-31 11:43:42,101 - INFO - Received question: fetch the protein 6axg
2024-10-31 11:43:49,276 - INFO - Received question: which was my first question?
2024-10-31 11:51:32,822 - INFO - Received question: fetch the protein 6axg
2024-10-31 11:51:38,550 - INFO - Received question: which was my first question?
2024-10-31 11:54:05,255 - INFO - Received question: fetch the protein 6axg
2024-10-31 11:54:19,352 - INFO - Received question: fetch the protein 6axg
2024-10-31 11:55:57,674 - INFO - Received question: fetch the protein 6axg
2024-10-31 11:56:17,054 - INFO - Received question: which was my first question?
2024-10-31 11:57:53,415 - INFO - Received question: fetch the protein 6axg
2024-10-31 11:58:15,781 - INFO - Received question: fetch the protein 6axg
2024-10-31 11:58:34,675 - INFO - Received question: fetch the protein 6axg
2024-10-31 11:58:49,205 - INFO - Received question: which was my first question?
2024-10-31 12:03:41,090 - INFO - Received question: fetch the protein 6axg
2024-10-31 12:14:05,836 - INFO - Received question: fetch the protein 6axg
2024-10-31 12:15:35,691 - INFO - Received question: fetch the protein 6axg
2024-10-31 12:16:56,737 - INFO - Received question: fetch the protein 6axg
2024-10-31 12:17:07,286 - INFO - Received question: which was my first question?
2024-10-31 12:21:18,459 - INFO - Received question: fetch the protein 6axg
2024-10-31 12:21:24,969 - INFO - Received question: which was my first question?
2024-10-31 12:23:48,048 - INFO - Received question: fetch the protein 6axg
2024-10-31 12:23:57,528 - INFO - Received question: which was my first question?
2024-10-31 12:30:07,604 - INFO - Received question: fetch the protein 6axg
2024-10-31 12:31:20,965 - INFO - Received question: fetch the protein 6axg
2024-10-31 12:31:29,991 - INFO - Received question: which was my first question?
2024-10-31 12:33:54,063 - INFO - Received question: fetch the protein 6axg
2024-10-31 12:34:02,446 - INFO - Received question: which was my first question?
2024-10-31 12:35:21,682 - INFO - Received question: fetch the protein 6axg
2024-10-31 12:35:30,730 - INFO - Received question: which was my first question?
2024-10-31 12:37:33,909 - INFO - Received question: fetch the protein 6axg
2024-10-31 12:37:42,182 - INFO - Received question: which was my first question?
2024-10-31 12:39:41,744 - INFO - Received question: fetch the protein 6axg
2024-10-31 12:39:58,880 - INFO - Received question: which was my first question?
2024-10-31 12:41:29,876 - INFO - Received question: fetch the protein 6axg
2024-10-31 12:41:38,219 - INFO - Received question: which was my first question?
2024-10-31 12:43:33,484 - INFO - Received question: fetch the protein 6axg
2024-10-31 12:45:10,566 - INFO - Received question: fetch the protein 6axg
2024-10-31 12:46:02,665 - INFO - Received question: fetch the protein 6axg
2024-10-31 12:46:16,306 - INFO - Received question: which was my first question?
2024-10-31 12:48:11,711 - INFO - Received question: fetch the protein 6axg
2024-10-31 12:48:18,210 - INFO - Received question: which was my first question?
2024-10-31 12:48:58,188 - INFO - Received question: fetch the protein 6axg
2024-10-31 12:49:04,823 - INFO - Received question: which was my first question?
2024-10-31 13:01:07,059 - INFO - Received question: fetch the protein 6axg
2024-10-31 13:01:16,101 - INFO - Received question: which was my first question?
2024-10-31 13:02:42,916 - INFO - Received question: fetch the protein 6axg
2024-10-31 13:04:38,927 - INFO - Received question: fetch the protein 6axg
2024-10-31 13:04:55,488 - INFO - Received question: which was my first question?
2024-10-31 13:07:05,307 - INFO - Received question: fetch the protein 6axg
2024-10-31 13:07:14,099 - INFO - Received question: which was my first question?
2024-10-31 13:51:50,359 - INFO - Received question: fetch the protein 6axg
2024-10-31 13:52:40,108 - INFO - Received question: fetch the protein 6axg
2024-10-31 13:53:31,577 - INFO - Received question: fetch the protein 6axg
2024-10-31 13:53:49,927 - INFO - Received question: which was my first question?
2024-10-31 13:55:09,408 - INFO - Received question: fetch the protein 6axg
2024-10-31 13:56:01,496 - INFO - Received question: fetch the protein 6axg
2024-10-31 13:56:07,204 - INFO - Received question: which was my first question?
2024-10-31 14:19:18,670 - INFO - Received question: fetch the protein 6axg
2024-10-31 14:21:55,563 - INFO - Received question: fetch the protein 6axg
2024-10-31 14:23:59,297 - INFO - Received question: fetch the protein 6axg
2024-10-31 14:24:41,855 - INFO - Received question: which was my first question?
2024-10-31 14:36:40,821 - INFO - Received question: fetch the protein 6axg
2024-10-31 14:37:42,751 - INFO - Received question: fetch the protein 6axg
2024-10-31 14:38:46,365 - INFO - Received question: which was my first question?
2024-10-31 14:42:26,795 - INFO - Received question: fetch the protein 6axg
2024-10-31 14:46:54,972 - INFO - Received question: fetch the protein 6axg
2024-10-31 14:48:28,290 - INFO - Received question: fetch the protein 6axg
2024-10-31 14:50:10,787 - INFO - Received question: fetch the protein 6axg
2024-10-31 14:52:18,579 - INFO - Received question: fetch the protein 6axg
2024-10-31 14:54:14,887 - INFO - Received question: fetch the protein 6axg
2024-10-31 14:55:18,100 - INFO - Received question: fetch the protein 6axg
2024-10-31 15:01:39,356 - INFO - Received question: fetch the protein 6axg
2024-10-31 15:03:11,713 - INFO - Received question: fetch the protein 6axg
2024-10-31 15:12:32,284 - INFO - Received question: fetch the protein 6axg
2024-10-31 15:14:13,621 - INFO - Received question: fetch the protein 6axg
2024-10-31 15:15:55,669 - INFO - Received question: fetch the protein 6axg
2024-10-31 15:18:35,158 - INFO - Received question: fetch the protein 6axg
2024-10-31 15:20:32,657 - INFO - Received question: fetch the protein 6axg
2024-10-31 15:21:54,426 - INFO - Received question: fetch the protein 6axg
2024-10-31 15:23:51,129 - INFO - Received question: fetch the protein 6axg
2024-10-31 15:26:07,442 - INFO - Received question: fetch the protein 6axg
2024-10-31 15:26:38,748 - INFO - Received question: fetch the protein 6axg
2024-10-31 15:31:52,058 - INFO - Received question: fetch the protein 6axg
2024-10-31 15:32:14,264 - INFO - Received question: list all opjects
2024-10-31 15:33:01,851 - INFO - Received question: fetch the protein 6axg
2024-10-31 15:34:07,307 - INFO - Received question: fetch the protein 6axg
2024-10-31 15:34:59,281 - INFO - Received question: fetch the protein 6axg
2024-10-31 15:40:37,108 - INFO - Received question: fetch the protein 6axg
2024-10-31 15:42:03,345 - INFO - Received question: fetch the protein 6axg
2024-10-31 15:44:22,836 - INFO - Received question: fetch the protein 6axg
2024-10-31 15:47:07,341 - INFO - Received question: color by chain
2024-10-31 15:48:45,242 - INFO - Received question: color by chain
2024-10-31 15:50:35,738 - INFO - Received question: color by chain
2024-10-31 15:51:31,306 - INFO - Received question: color by chain
2024-10-31 15:52:52,837 - INFO - Received question: color by chain
2024-10-31 15:55:09,448 - INFO - Received question: color by chain
2024-10-31 15:55:54,619 - INFO - Received question: color by chain
2024-10-31 15:57:15,051 - INFO - Received question: color by chain
2024-10-31 16:02:53,401 - INFO - Received question: color by chain
2024-10-31 16:03:31,661 - INFO - Received question: color by chain
2024-10-31 16:05:10,727 - INFO - Received question: color by chain
2024-10-31 16:05:33,375 - INFO - Received question: which was my first question?
2024-10-31 16:11:15,314 - INFO - Received question: color by chain
2024-10-31 16:23:16,888 - INFO - Received question: color by chain
2024-10-31 16:26:42,290 - INFO - Received question: color by chain
2024-10-31 16:29:20,491 - INFO - Received question: color by chain
2024-10-31 16:33:20,514 - INFO - Received question: color by chain
2024-10-31 16:34:22,179 - INFO - Received question: color by chain
2024-10-31 16:36:00,466 - INFO - Received question: which was my first question?
2024-10-31 16:36:23,416 - INFO - Received question: color by chain
2024-10-31 16:37:32,824 - INFO - Received question: color by chain
2024-10-31 16:38:19,004 - INFO - Received question: color by chain
2024-10-31 16:39:10,181 - INFO - Received question: which was my first question?
2024-10-31 16:39:16,825 - INFO - Received question: which was my first question?
2024-10-31 16:39:19,600 - INFO - Received question: which was my first question?
2024-10-31 16:40:34,424 - INFO - Received question: color by chain
2024-10-31 16:42:41,427 - INFO - Received question: color by chain
2024-10-31 16:44:10,345 - INFO - Received question: color by chain
2024-10-31 16:45:26,116 - INFO - Received question: color by chain
2024-10-31 16:46:39,179 - INFO - Received question: color by chain
2024-10-31 16:47:50,218 - INFO - Received question: color by chain
2024-10-31 16:48:22,166 - INFO - Received question: hello
2024-10-31 16:48:49,571 - INFO - Received question: which was my first question
2024-10-31 16:50:42,549 - INFO - Received question: color by chain
2024-10-31 16:51:00,964 - INFO - Received question: which was my first question
2024-10-31 16:51:50,010 - INFO - Received question: color by chain
2024-10-31 16:52:02,965 - INFO - Received question: which was my first question
2024-10-31 16:54:48,504 - INFO - Received question: color by chain
2024-10-31 16:55:04,349 - INFO - Received question: which was my first question
2024-10-31 16:55:36,920 - INFO - Received question: which was my first question
2024-10-31 16:56:13,692 - INFO - Received question: which was my first question
2024-10-31 16:57:01,422 - INFO - Received question: color by chain
2024-10-31 16:57:30,919 - INFO - Received question: color by chain
2024-10-31 16:57:46,842 - INFO - Received question: color by chain
2024-10-31 16:58:16,602 - INFO - Received question: which was my first question?
2024-10-31 16:59:12,569 - INFO - Received question: which was my first question?
2024-10-31 17:01:36,912 - INFO - Received question: color by chain
2024-10-31 17:01:57,826 - INFO - Received question: which was my first question?
2024-10-31 17:03:36,952 - INFO - Received question: color by chain
2024-10-31 17:03:54,003 - INFO - Received question: which was my first question?
2024-10-31 17:04:56,699 - INFO - Received question: select water molecules
2024-10-31 17:05:34,506 - INFO - Received question: select water molecules
2024-10-31 17:05:50,637 - INFO - Received question: which was my first question?
2024-10-31 17:14:11,114 - INFO - Received question: select water molecules
2024-10-31 17:14:20,373 - INFO - Received question: select water molecules
2024-10-31 17:14:43,396 - INFO - Received question: select water molecules
2024-10-31 17:15:23,614 - INFO - Received question: select water molecules
2024-10-31 17:15:33,718 - INFO - Received question: select water molecules
2024-10-31 17:16:51,093 - INFO - Received question: select water molecules
2024-10-31 17:17:16,779 - INFO - Received question: hello world
2024-10-31 17:18:54,772 - INFO - Received question: hello world
2024-10-31 17:20:41,198 - INFO - Received question: hello world
2024-10-31 17:21:20,434 - INFO - Received question: hello world
2024-10-31 17:21:49,926 - INFO - Received question: hello world
2024-10-31 17:21:59,822 - INFO - Received question: hello world
2024-10-31 17:23:32,412 - INFO - Received question: hello world
2024-10-31 17:23:38,732 - INFO - Received question: hello world
2024-10-31 17:23:53,050 - INFO - Received question: color by chain
2024-10-31 17:24:27,767 - INFO - Received question: which was my first question?
2024-10-31 17:26:35,638 - INFO - Received question: hello world
2024-10-31 17:26:44,075 - INFO - Received question: which was my first question?
2024-10-31 17:30:16,749 - INFO - Received question: hello world
2024-10-31 17:30:22,079 - INFO - Received question: which was my first question?
2024-10-31 17:33:14,232 - INFO - Received question: hello world
2024-10-31 17:33:25,370 - INFO - Received question: which was my first question?
2024-10-31 17:34:44,896 - INFO - Received question: how are yoU?
2024-10-31 17:34:57,522 - INFO - Received question: yeah I feel you
2024-10-31 17:36:30,676 - INFO - Received question: how are you?
2024-10-31 17:36:41,335 - INFO - Received question: I feel you
2024-10-31 17:37:52,990 - INFO - Received question: how are you
2024-10-31 17:38:00,999 - INFO - Received question: I feel you
2024-10-31 17:41:13,389 - INFO - Received question: I feel you
2024-10-31 17:41:17,943 - INFO - Received question: I feel you
2024-10-31 17:44:24,490 - INFO - Received question: I feel you
2024-10-31 17:44:36,648 - INFO - Received question: I feel you
2024-10-31 17:46:29,385 - INFO - Received question: I feel you
2024-10-31 17:46:31,856 - INFO - Received question: I feel you
2024-10-31 17:54:20,214 - INFO - Received question: I feel you
2024-10-31 17:55:38,816 - INFO - Received question: I feel you
2024-10-31 17:56:53,240 - INFO - Received question: I feel you
2024-10-31 17:56:56,986 - INFO - Received question: I feel you
2024-10-31 18:00:28,491 - INFO - Received question: I feel you
2024-10-31 18:00:31,404 - INFO - Received question: I feel you
2024-10-31 18:01:13,340 - INFO - Received question: I feel you
2024-10-31 18:01:43,151 - INFO - Received question: I feel you
2024-10-31 18:04:14,695 - INFO - Received question: I feel you
2024-10-31 18:04:18,357 - INFO - Received question: I feel you
2024-10-31 18:06:06,872 - INFO - Received question: I feel you
2024-10-31 18:06:11,791 - INFO - Received question: I feel you
2024-10-31 18:08:06,870 - INFO - Received question: I feel you
2024-10-31 18:09:12,837 - INFO - Received question: I feel you
2024-10-31 18:09:15,089 - INFO - Received question: I feel you
2024-10-31 18:17:48,190 - INFO - Received question: I feel you
2024-10-31 18:18:24,642 - INFO - Received question: I feel you
2024-10-31 18:19:34,543 - INFO - Received question: I feel you
2024-10-31 18:19:40,094 - INFO - Received question: I feel you
2024-10-31 18:20:48,180 - INFO - Received question: I feel you
2024-10-31 18:20:50,798 - INFO - Received question: I feel you
2024-10-31 18:22:15,019 - INFO - Received question: I feel you
2024-10-31 18:22:16,886 - INFO - Received question: I feel you
2024-11-01 17:22:46,909 - INFO - Received question: I feel you
2024-11-01 17:26:45,607 - INFO - Received question: I feel you
2024-11-01 17:29:49,424 - INFO - Received question: I feel you
2024-11-01 17:29:56,018 - INFO - Received question: I feel you
2024-11-01 17:32:31,354 - INFO - Received question: I feel you
2024-11-01 17:32:36,938 - INFO - Received question: I feel you
2024-11-01 17:33:51,613 - INFO - Received question: I feel you
2024-11-01 17:34:21,163 - INFO - Received question: I feel you
2024-11-01 17:34:37,011 - INFO - Received question: I feel you
2024-11-01 17:35:20,359 - INFO - Received question: I feel you
2024-11-01 17:38:18,331 - INFO - Received question: I feel you
2024-11-01 17:38:45,172 - INFO - Received question: I feel you
2024-11-01 17:49:39,002 - INFO - Received question: I feel you
2024-11-01 17:50:25,474 - INFO - Received question: I feel you
2024-11-01 17:50:28,009 - INFO - Received question: I feel you
2024-11-01 17:51:56,671 - INFO - Received question: color by chain
2024-11-01 17:52:43,908 - INFO - Received question: color by chain
2024-11-01 17:52:50,286 - INFO - Received question: color by chain
2024-11-01 17:53:05,707 - INFO - Received question: color by chain
2024-11-01 17:53:45,008 - INFO - Received question: color by chain
2024-11-01 17:56:51,972 - INFO - Received question: color by chain
2024-11-01 17:59:46,894 - INFO - Received question: color by chain
2024-11-01 18:02:10,469 - INFO - Received question: color by chain
2024-11-01 18:03:42,659 - INFO - Received question: color by chain
2024-11-01 18:07:02,486 - INFO - Received question: color by chain
2024-11-01 18:07:32,467 - INFO - Received question: color by chain
2024-11-01 18:09:00,091 - INFO - Received question: color by chain
2024-11-01 18:11:41,282 - INFO - Received question: get 6axg protein
2024-11-01 18:12:12,003 - INFO - Received question: color by chain
2024-11-01 18:13:44,341 - INFO - Received question: color by chain
2024-11-01 18:15:46,871 - INFO - Received question: color by chain
2024-11-01 18:18:18,037 - INFO - Received question: color by chain
2024-11-01 18:18:36,538 - INFO - Received question: color by chain
2024-11-01 18:19:08,923 - INFO - Received question: select water residues
2024-11-01 18:19:37,557 - INFO - Received question: select water residues
2024-11-01 18:23:40,647 - INFO - Received question: select water residues
2024-11-01 18:24:18,869 - INFO - Received question: select water residues
2024-11-01 18:25:44,878 - INFO - Received question: select water residues
2024-11-01 18:34:28,827 - INFO - Received question: select water residues
2024-11-01 18:35:16,635 - INFO - Received question: select water residues
2024-11-01 18:35:58,228 - INFO - Received question: select water residues
2024-11-01 18:38:02,588 - INFO - Received question: select water residues
2024-11-01 18:39:38,114 - INFO - Received question: select water residues
2024-11-01 18:40:19,240 - INFO - Received question: select water residues
2024-11-01 18:41:57,840 - INFO - Received question: select water residues
2024-11-01 18:43:56,149 - INFO - Received question: which was my first question¿
2024-11-01 18:45:46,008 - INFO - Received question: color by chain
2024-11-01 18:47:59,718 - INFO - Received question: color by chain
2024-11-01 18:50:35,874 - INFO - Received question: color by chain
2024-11-01 18:51:39,424 - INFO - Received question: color by chain
2024-11-01 18:52:41,665 - INFO - Received question: color by chain
2024-11-01 18:53:10,456 - INFO - Received question: color by chain
2024-11-01 18:54:02,321 - INFO - Received question: color by chain
2024-11-01 18:57:43,161 - INFO - Received question: color by chain
2024-11-01 19:00:14,986 - INFO - Received question: color by chain
2024-11-01 19:02:50,267 - INFO - Received question: color by chain
2024-11-01 19:04:56,477 - INFO - Received question: color by chain
2024-11-01 19:06:28,054 - INFO - Received question: color by chain
2024-11-01 19:08:19,146 - INFO - Received question: color by chain
2024-11-01 19:10:28,898 - INFO - Received question: color by chain
2024-11-01 19:13:05,032 - INFO - Received question: color by chain
2024-11-01 19:17:17,957 - INFO - Received question: color by chain
2024-11-01 19:18:52,776 - INFO - Received question: color by chain
2024-11-01 19:19:49,436 - INFO - Received question: color by chain
2024-11-01 19:21:34,373 - INFO - Received question: color by chain
2024-11-01 19:22:11,006 - INFO - Received question: color by chain
2024-11-01 19:39:14,288 - INFO - Received question: color by chain
2024-11-01 19:40:52,600 - INFO - Received question: color by chain
2024-11-01 19:42:02,658 - INFO - Received question: color by chain
2024-11-01 19:43:01,969 - INFO - Received question: color by chain
2024-11-01 19:43:36,659 - INFO - Received question: which was my first question?
2024-11-01 19:45:05,913 - INFO - Received question: color by chain
2024-11-01 19:46:58,337 - INFO - Received question: color by chain
2024-11-01 19:47:37,405 - INFO - Received question: which was my first question?
2024-11-01 19:49:36,232 - INFO - Received question: color by chain
2024-11-01 19:49:40,217 - INFO - Received question: color by chain
2024-11-01 19:51:04,117 - INFO - Received question: color by chain
2024-11-01 19:52:12,556 - INFO - Received question: how are you?
2024-11-01 19:53:35,965 - INFO - Received question: how are you?
2024-11-01 19:53:41,260 - INFO - Received question: how are you?
2024-11-01 19:57:47,798 - INFO - Received question: how are you?
2024-11-01 19:57:52,767 - INFO - Received question: how are you?
2024-11-01 19:59:17,242 - INFO - Received question: how are you?
2024-11-01 19:59:27,230 - INFO - Received question: how are you?
2024-11-01 20:02:46,577 - INFO - Received question: how are you?
2024-11-01 20:05:19,812 - INFO - Received question: how are you?
2024-11-01 20:05:25,789 - INFO - Received question: how are you?
2024-11-01 20:06:53,105 - INFO - Received question: how are you?
2024-11-01 20:07:27,371 - INFO - Received question: how are you?
2024-11-01 20:08:10,727 - INFO - Received question: how are you?
2024-11-01 20:09:06,183 - INFO - Received question: how are you?
2024-11-01 20:09:52,482 - INFO - Received question: how are you?
2024-11-01 20:09:57,157 - INFO - Received question: how are you?
2024-11-01 20:10:14,743 - INFO - Received question: get protein 6axg
2024-11-01 20:11:56,817 - INFO - Received question: get protein 6axg
2024-11-01 20:18:26,317 - INFO - Received question: get protein 6axg
2024-11-01 20:20:30,527 - INFO - Received question: get protein 6axg
2024-11-01 20:21:30,187 - INFO - Received question: get protein 6axg
2024-11-01 20:22:04,168 - INFO - Received question: get protein 6axg
2024-11-01 20:22:20,984 - INFO - Received question: how are you
2024-11-01 20:24:10,843 - INFO - Received question: how are you
2024-11-01 20:24:14,333 - INFO - Received question: how are you
2024-11-01 20:26:38,119 - INFO - Received question: how are you
2024-11-01 20:26:42,290 - INFO - Received question: how are you
2024-11-01 20:26:46,457 - INFO - Received question: how are you
2024-11-01 20:26:56,703 - INFO - Received question: get the 6axg protein
2024-11-01 20:27:45,746 - INFO - Received question: how are you
2024-11-01 20:27:50,990 - INFO - Received question: get the 6axg protein
2024-11-01 20:30:39,655 - INFO - Received question: how are you
2024-11-01 20:30:45,190 - INFO - Received question: get the 6axg protein
2024-11-01 20:32:07,874 - INFO - Received question: how are you
2024-11-01 20:32:14,514 - INFO - Received question: get the 6axg protein
2024-11-01 20:34:17,716 - INFO - Received question: how are you
2024-11-01 20:34:25,172 - INFO - Received question: get the 6axg protein
2024-11-01 20:35:09,063 - INFO - Received question: how are you
2024-11-01 20:35:39,870 - INFO - Received question: how are you
2024-11-01 20:35:51,023 - INFO - Received question: get the 6axg protein
2024-11-01 20:36:57,487 - INFO - Received question: how are you
2024-11-01 20:39:39,093 - INFO - Received question: how are you
2024-11-01 20:39:49,320 - INFO - Received question: get the 6axg protein
2024-11-01 20:43:32,075 - INFO - Received question: how are you
2024-11-01 20:43:38,033 - INFO - Received question: get the 6axg protein
2024-11-01 20:45:04,516 - INFO - Received question: how are you
2024-11-01 20:45:09,921 - INFO - Received question: get the 6axg protein
2024-11-01 20:45:48,269 - INFO - Received question: color by chain
2024-11-02 11:50:43,644 - INFO - Received question: color by chain
2024-11-02 11:52:11,611 - INFO - Received question: color by chain
2024-11-02 11:52:50,740 - INFO - Received question: color by chain
2024-11-02 11:54:50,146 - INFO - Received question: how are you
2024-11-02 11:54:55,863 - INFO - Received question: color by chain
2024-11-02 11:55:30,364 - INFO - Received question: how are you
2024-11-02 11:55:36,722 - INFO - Received question: color by chain
2024-11-02 11:56:46,611 - INFO - Received question: how are you
2024-11-02 11:56:52,573 - INFO - Received question: color by chain
2024-11-02 11:57:20,603 - INFO - Received question: color by chain
2024-11-02 11:58:32,325 - INFO - Received question: color by chain
2024-11-02 11:59:19,094 - INFO - Received question: color by chain
2024-11-02 12:01:15,080 - INFO - Received question: color by chain
2024-11-02 12:01:59,834 - INFO - Received question: color by chain
2024-11-02 12:02:22,546 - INFO - Received question: color by chain
2024-11-02 12:02:42,313 - INFO - Received question: how are you
2024-11-02 12:05:31,759 - INFO - Received question: how are you
2024-11-02 12:06:17,113 - INFO - Received question: how are you
2024-11-02 12:06:53,426 - INFO - Received question: how are you
2024-11-02 12:07:03,199 - INFO - Received question: color by chain
2024-11-02 12:10:23,531 - INFO - Received question: color by chain
2024-11-02 12:11:17,306 - INFO - Received question: color by chain
2024-11-02 12:13:34,205 - INFO - Received question: color by chain
2024-11-02 12:14:45,595 - INFO - Received question: color by chain
2024-11-02 12:15:00,776 - INFO - Received question: color by chain
2024-11-02 12:15:49,995 - INFO - Received question: color by chain
2024-11-02 12:16:57,108 - INFO - Received question: color by chain
2024-11-02 12:18:11,170 - INFO - Received question: color by chain
2024-11-02 12:19:16,047 - INFO - Received question: color by chain
2024-11-02 12:19:50,074 - INFO - Received question: color by chain
2024-11-02 12:20:05,856 - INFO - Received question: color by chain
2024-11-02 12:20:27,560 - INFO - Received question: how are you?
2024-11-02 12:23:00,834 - INFO - Received question: how are you?
2024-11-02 12:23:08,807 - INFO - Received question: color by chain
2024-11-02 12:24:46,545 - INFO - Received question: how are you?
2024-11-02 12:25:10,551 - INFO - Received question: how are you?
2024-11-02 12:26:20,838 - INFO - Received question: color by chain
2024-11-02 12:27:18,446 - INFO - Received question: color by chain
2024-11-02 12:28:45,422 - INFO - Received question: color by chain
2024-11-02 12:29:39,831 - INFO - Received question: color by chain
2024-11-02 12:30:11,955 - INFO - Received question: color by chain
2024-11-02 12:31:07,407 - INFO - Received question: color by chain
2024-11-02 12:31:31,168 - INFO - Received question: color by chain
2024-11-02 12:33:08,906 - INFO - Received question: color by chain
2024-11-02 12:33:26,092 - INFO - Received question: color by chain
2024-11-02 12:33:46,166 - INFO - Received question: how are you?
2024-11-02 12:35:14,009 - INFO - Received question: color by chain
2024-11-02 12:35:26,013 - INFO - Received question: how are you?
2024-11-02 12:36:35,967 - INFO - Received question: how are you?
2024-11-02 12:36:44,460 - INFO - Received question: color by chain
2024-11-02 12:39:59,654 - INFO - Received question: how are you?
2024-11-02 12:40:21,252 - INFO - Received question: color by chain
2024-11-02 12:42:14,857 - INFO - Received question: how are you?
2024-11-02 12:42:19,692 - INFO - Received question: color by chain
2024-11-02 12:43:47,629 - INFO - Received question: how are you?
2024-11-02 12:43:53,253 - INFO - Received question: color by chain
2024-11-02 12:45:23,227 - INFO - Received question: how are you?
2024-11-02 12:45:30,753 - INFO - Received question: color by chain
2024-11-02 12:58:11,216 - INFO - Received question: hello world
2024-11-02 13:01:10,291 - INFO - Received question: hello world
2024-11-02 13:02:11,928 - INFO - Received question: hello world
2024-11-02 13:02:32,945 - INFO - Received question: color by chain
2024-11-02 13:10:14,194 - INFO - Question: "fetch the 6axg protein", current loaded objects : 
2024-11-02 13:13:07,517 - INFO - Question: "fetch the 6axg protein", current loaded objects : 
2024-11-02 13:15:55,402 - INFO - Question: "fetch the 6axg protein", current loaded objects : 
2024-11-02 13:16:30,075 - INFO - Question: "fetch the 6axg protein", current loaded objects : 
2024-11-02 13:19:36,664 - INFO - Question: "fetch the 6axg protein", current loaded objects : 
2024-11-02 13:21:33,969 - INFO - Question: "fetch 6axg protein", current loaded objects : 
2024-11-02 13:22:59,572 - INFO - Question: "get 6axg protein", current loaded objects : 
2024-11-02 13:23:44,408 - INFO - Question: "color by chain", current loaded objects : 6axg
2024-11-02 17:46:00,526 - INFO - Question: "How are you?", current loaded objects : 
2024-11-02 17:46:47,693 - INFO - Question: input"How are you?", current loaded objects : 
2024-11-02 17:48:47,463 - INFO - Question: input"color by chain", current loaded objects : 
2024-11-02 17:51:17,596 - INFO - Question: input"color by chain", current loaded objects : 
2024-11-02 17:54:48,133 - INFO - Question: input"color by chain", current loaded objects : 
2024-11-02 17:56:53,292 - INFO - Question: input"color by chain", current loaded objects : 
2024-11-02 17:57:49,072 - INFO - Question: input"color by chain", current loaded objects : 
2024-11-02 17:59:21,590 - INFO - Question: input"color by chain", current loaded objects : 
2024-11-02 18:04:27,453 - INFO - Question: input"color by chain", current loaded objects : 
2024-11-02 18:06:52,363 - INFO - Question: "color the protein by chain", current loaded objects : 
2024-11-02 18:12:02,845 - INFO - Question: "color the protein by chain", current loaded objects : 
2024-11-02 18:13:18,537 - INFO - Question: "color the protein by chain", current loaded objects : 
2024-11-02 18:14:16,900 - INFO - Question: "get the 6axg protein", current loaded objects : 
2024-11-02 18:17:18,271 - INFO - Question: "get the 6axg protein", current loaded objects : 
2024-11-02 18:18:20,923 - INFO - Question: "get the 6axg protein", current loaded objects : 
2024-11-02 18:20:14,837 - INFO - Question: "get the 6axg protein", current loaded objects : 
2024-11-02 18:21:38,658 - INFO - Question: "get the 6axg protein", current loaded objects : 
2024-11-02 18:25:18,824 - INFO - Question: "color by chain", current loaded objects : 6axg
2024-11-02 18:35:37,187 - INFO - Question: "How are you?", current loaded objects : 6axg
2024-11-05 13:24:30,955 - INFO - Question: "get the 6axg protein", current loaded objects : 
2024-11-05 13:27:24,534 - INFO - Question: "get the 6axg protein", current loaded objects : 
2024-11-05 13:29:21,655 - INFO - Question: "get the 6axg protein", current loaded objects : 
2024-11-05 13:31:13,445 - INFO - Question: "get the 6axg protein", current loaded objects : 
2024-11-05 13:32:12,299 - INFO - Question: "get the 5wtc protein", current loaded objects : 
2024-11-05 13:34:15,740 - INFO - Question: "show all sd tags for ligand_1", current loaded objects : ligand_1
2024-11-05 13:37:05,293 - INFO - Question: "get the 5wtc protein", current loaded objects : ligand_1
