2024-10-22 18:19:22,033 - INFO - Received question: Hello world
2024-10-22 18:24:15,941 - INFO - Received question: get 1a80
2024-10-22 18:24:37,397 - INFO - Received question: get 1a8o
2024-10-22 18:27:06,899 - INFO - Received question: get 1a8o
2024-10-22 18:37:37,868 - INFO - Received question: get 1a8o
2024-10-22 18:38:10,463 - INFO - Received question: get 1a8o
2024-10-22 18:38:28,927 - INFO - Received question: get 1a8o
2024-10-22 18:39:33,605 - INFO - Received question: get 1a8o
2024-10-22 22:29:35,986 - INFO - Received question: Get the structure 1a8o
2024-10-22 22:29:59,557 - INFO - Received question: Get the structure 1a8o
2024-10-22 22:31:16,536 - INFO - Received question: Get the structure 1a8o
2024-10-26 17:30:39,212 - INFO - Received question: load 6axg structure
2024-10-26 17:34:37,524 - INFO - Received question: hello world
2024-10-26 17:35:26,636 - INFO - Received question: hello world
2024-10-26 17:35:54,856 - INFO - Received question: load the protein 6axg
2024-10-26 17:38:27,236 - INFO - Received question: load the protein 6axg
2024-10-26 17:38:43,785 - INFO - Received question: load 6axg structure
2024-10-26 17:39:27,282 - INFO - Received question: load 6axg structure
2024-10-26 17:39:51,895 - INFO - Received question: load 6axg structure
2024-10-26 17:41:19,003 - INFO - Received question: load 6axg structure
2024-10-26 17:43:00,691 - INFO - Received question: load 6axg protein
2024-10-26 17:47:16,418 - INFO - Received question: load 6axg protein
2024-10-26 17:49:05,567 - INFO - Received question: load 6axg protein
2024-10-26 17:50:47,122 - INFO - Received question: load 6axg protein
2024-10-26 17:51:53,156 - INFO - Received question: load 6axg protein
2024-10-26 17:54:01,461 - INFO - Received question: load 6axg protein
2024-10-26 17:55:07,373 - INFO - Received question: load 6axg protein
2024-10-26 17:55:33,165 - INFO - Received question: color by chain
2024-10-26 17:56:45,978 - INFO - Received question: How are you doing today?
2024-10-26 17:58:35,288 - INFO - Received question: list all objects
2024-10-26 18:03:32,883 - INFO - Received question: select chain A
